<?xml version="1.0" encoding="UTF-8"?>
<robot generator="Robot 4.0.3 (Python 3.9.5 on win32)" generated="20210624 15:08:28.262" rpa="false" schemaversion="2">
<suite id="s1" name="Tc fetchdata3" source="C:\Users\46734\PycharmProjects\pythonProject1\RobatFramework\TestCase\Tc_fetchdata3.robot">
<test id="s1-t1" name="TC_Fetch data list from webpage">
<kw name="Create Folder At Runtime" library="resources1">
<arg>testing</arg>
<kw name="Create Folder" library="UserKeyworlds">
<status status="PASS" starttime="20210624 15:08:28.706" endtime="20210624 15:08:28.710"/>
</kw>
<kw name="Create Subfolder" library="UserKeyworlds">
<arg>${foldername}</arg>
<status status="PASS" starttime="20210624 15:08:28.710" endtime="20210624 15:08:28.711"/>
</kw>
<status status="PASS" starttime="20210624 15:08:28.705" endtime="20210624 15:08:28.712"/>
</kw>
<kw name="Open Browser" library="SeleniumLibrary">
<arg>${URL}</arg>
<arg>${Browser}</arg>
<doc>Opens a new browser instance to the optional ``url``.</doc>
<msg timestamp="20210624 15:08:28.713" level="INFO">Opening browser 'Chrome' to base url 'http://www.thetestingworld.com/testings'.</msg>
<status status="PASS" starttime="20210624 15:08:28.712" endtime="20210624 15:08:37.065"/>
</kw>
<kw name="Maximize Browser Window" library="SeleniumLibrary">
<doc>Maximizes current browser window.</doc>
<status status="PASS" starttime="20210624 15:08:37.065" endtime="20210624 15:08:37.305"/>
</kw>
<kw name="Get Location" library="SeleniumLibrary">
<var>${ActualuRL}</var>
<doc>Returns the current browser window URL.</doc>
<msg timestamp="20210624 15:08:37.343" level="INFO">${ActualuRL} = https://www.thetestingworld.com/testings/</msg>
<status status="PASS" starttime="20210624 15:08:37.305" endtime="20210624 15:08:37.343"/>
</kw>
<kw name="Log" library="BuiltIn">
<arg>${ActualuRL}</arg>
<doc>Logs the given message with the given level.</doc>
<msg timestamp="20210624 15:08:37.343" level="INFO">https://www.thetestingworld.com/testings/</msg>
<status status="PASS" starttime="20210624 15:08:37.343" endtime="20210624 15:08:37.343"/>
</kw>
<kw name="Get Source" library="SeleniumLibrary">
<var>${pagehtml}</var>
<doc>Returns the entire HTML source of the current page or frame.</doc>
<msg timestamp="20210624 15:08:37.355" level="INFO">${pagehtml} = &lt;html lang="en" class="no-js"&gt;&lt;head&gt;
    &lt;meta charset="UTF-8"&gt;
    &lt;meta http-equiv="X-UA-Compatible" content="IE=edge,chrome=1"&gt; 
    &lt;meta name="viewport" content="width=device-width, initial-scale...</msg>
<status status="PASS" starttime="20210624 15:08:37.344" endtime="20210624 15:08:37.355"/>
</kw>
<kw name="Log" library="BuiltIn">
<arg>${pagehtml}</arg>
<doc>Logs the given message with the given level.</doc>
<msg timestamp="20210624 15:08:37.356" level="INFO">&lt;html lang="en" class="no-js"&gt;&lt;head&gt;
    &lt;meta charset="UTF-8"&gt;
    &lt;meta http-equiv="X-UA-Compatible" content="IE=edge,chrome=1"&gt; 
    &lt;meta name="viewport" content="width=device-width, initial-scale=1.0"&gt; 
    &lt;title&gt; Login &amp;amp; Sign Up Forms&lt;/title&gt;
    &lt;meta name="author" content="Reverie Tech"&gt;
    &lt;link rel="stylesheet" type="text/css" href="css/demo.css"&gt;
    &lt;link rel="stylesheet" type="text/css" href="tabs.css"&gt;
    &lt;link rel="stylesheet" type="text/css" href="https://maxcdn.bootstrapcdn.com/font-awesome/4.7.0/css/font-awesome.min.css"&gt;
&lt;/head&gt;

&lt;body&gt;
&lt;style&gt;
#overlay {
 display:none; /*hidden on pageload*/
 position:fixed; /*this will disable it from scrolling*/
 width:100%; /*this will give the full width*/
 height:100%; /*this will give the full height*/
 z-index:999; /*this will keep it above all elements in the page*/
 left:0; /*this will align it to the left*/
 top:0; /*this will align it to the top*/
 background:#000; /*this will give it a black background*/
}

.popup {
 display:none; /*hidden on pageload*/
 width:50%; /*width of popup*/
 height:400px;  /*height of popup*/
 padding:10px; /*padding for popup*/
 background:#fff; /*background of popup*/
 border:5px solid #ccc; /*border of popup*/
 position:fixed; /*this will keep it relative to the body*/
 z-index:9999; /*this will keep it above the overlay*/
 top:10%; /*keep popup in center*/
 left:25%; /*keep popup in center*/
 color:#000000;

}
.popup .close { /* close link*/
 float:right;
 color:#000;
 text-decoration:none;/*remove underline from the close link*/
}
.popup p { /*popup text*/
 padding:10px 0; color:#333333; font-size:18px;
}
&lt;/style&gt;

&lt;div id="overlay"&gt;&lt;/div&gt;

&lt;div class="popup" id="popup1"&gt;
&lt;a href="#" class="close"&gt;X&lt;/a&gt;
&lt;p&gt;
&lt;/p&gt;&lt;h2&gt;Terms and Conditions&lt;/h2&gt;&lt;br&gt;
&lt;br&gt;

It’s up to you to set the rules and guidelines that the user must agree to. You can think of your Terms and Conditions agreement as the legal agreement where you maintain your rights to exclude users from your app in the event that they abuse your app, and where you maintain your legal rights against potential app abusers, and so on.&lt;br&gt;&lt;br&gt;&lt;br&gt;

Terms and Conditions are also known as Terms of Service or Terms of Use.&lt;br&gt;
&lt;br&gt;

This type of legal agreement can be used for both your website and your mobile app. It’s not required (it’s not recommended actually) to have separate Terms and Conditions agreements: one for your website and one for your mobile app.
&lt;p&gt;&lt;/p&gt;
&lt;/div&gt;



&lt;header&gt;
	&lt;h1&gt;&lt;img src="images/logo.png" style=" width:400px;"&gt;&lt;span&gt;Login or Sign Up to start&lt;/span&gt; &lt;hr&gt;&lt;/h1&gt;
&lt;/header&gt;

&lt;div class="container"&gt;
&lt;!--    &lt;div class="democolors"&gt;
        &lt;a class="blue" href="index.html"&gt;blue&lt;/a&gt;
        &lt;a class="red" href="red.html"&gt;red&lt;/a&gt;
        &lt;a class="purple" href="purple.html"&gt;purple&lt;/a&gt;
    &lt;/div&gt;--&gt;
&lt;/div&gt;

&lt;style&gt;
.left{ float:left; width:30%; text-align:center;}
.right{ float:right; width:30%; text-align:center;}
.center{ float:left; width:40%;}

@media only screen and (max-width: 767px) {
 .left{ float:left; width:100%; text-align:center;}
.right{ float:right; width:100%; text-align:center;     padding-top: 44px;}
.center{ float:left; width:100%; text-align:center;}

.left img, .right img{ width:100%;}

}

&lt;/style&gt;

&lt;div class="container" style="width:90%;"&gt;
	 &lt;div class="left"&gt;
	      &lt;a href="https://t.me/joinchat/GgRlDbOsbSzkJElL" target="_blank"&gt;
     &lt;img src="banner/5ff28ff0d2bc7.png"&gt;
	 
	      &lt;/a&gt;&lt;a href="https://www.facebook.com/groups/461729974772386/?ref=nf_target&amp;amp;hc_ref=ARSCrv_mrMgSSDWqT4b8kx3RpnWSI6K9uEhVNH-HHMESWvrSmtpqCg2IXKIcVMNXau8&amp;amp;fref=gs&amp;amp;dti=461729974772386&amp;amp;hc_location=group" target="_blank"&gt;
     &lt;img src="banner/5e13707d13dbc.jpg"&gt;
	 
	      &lt;/a&gt;&lt;a href="https://www.youtube.com/channel/UCsdoSHH5bucBf_wwtvWJfnQ/playlists" target="_blank"&gt;
     &lt;img src="banner/5e13707d13e74.jpg"&gt;
	 
	      &lt;/a&gt;&lt;a href="" target="_blank"&gt;
     &lt;img src="banner/5c33a68c8a087.jpg"&gt;
	 
	      &lt;/a&gt;
     &lt;/div&gt;
    &lt;section class="tabblue center"&gt;
		&lt;ul class="tabs blue"&gt;
          &lt;li&gt;
            &lt;input type="radio" name="tabs blue" id="tab1" checked=""&gt;
            &lt;label for="tab1"&gt;Register&lt;/label&gt;
            &lt;div id="tab-content1" class="tab-content"&gt;
              &lt;p&gt;Register now and kick start your career as a Software Testing Pro!&lt;/p&gt;
              
             

                                       
                   
                  
                    
                  
                    
               &lt;br&gt;
              &lt;form method="post" name="register" action="#"&gt;
              &lt;input name="_hiddenTXT" type="hidden" value="1"&gt;
              
                &lt;span class="tabaddon"&gt;&lt;i class="fa fa-user fa-2x"&gt;&lt;/i&gt;&lt;/span&gt;
                &lt;input class="field" name="fld_username" required="" type="text" placeholder="myusername" value=""&gt;
                &lt;span class="tabaddon"&gt;&lt;i class="fa fa-envelope fa-2x"&gt;&lt;/i&gt;&lt;/span&gt;
                &lt;input class="field" name="fld_email" required="" type="email" placeholder="myusername@gmail.com" value=""&gt;
                &lt;span class="tabaddon"&gt;&lt;i class="fa fa-lock fa-2x"&gt;&lt;/i&gt;&lt;/span&gt;
                &lt;input class="field" name="fld_password" required="" type="password" placeholder="Password" value=""&gt;
                &lt;span class="tabaddon"&gt;&lt;i class="fa fa-lock fa-2x"&gt;&lt;/i&gt;&lt;/span&gt;
                &lt;input class="field" name="fld_cpassword" required="" type="password" placeholder="Confirm password" value=""&gt;
                &lt;span class="tabaddon"&gt;&lt;i class="fa fa-calendar-o fa-2x"&gt;&lt;/i&gt;&lt;/span&gt;
                &lt;input type="text" id="datepicker" name="dob" placeholder="Date of birth" value="" class="hasDatepicker"&gt;
                
                &lt;span class="tabaddon"&gt;&lt;i class="fa fa-phone fa-2x"&gt;&lt;/i&gt;&lt;/span&gt;
                &lt;input type="text" placeholder="Phone" name="phone" value=""&gt;
                
                &lt;span class="tabaddon"&gt;&lt;i class="fa fa-map fa-2x"&gt;&lt;/i&gt;&lt;/span&gt;
                &lt;input type="text" placeholder="Address" name="address" value=""&gt;
                
                Address type : &lt;input style="position:inherit;" name="add_type" type="radio" value="home"&gt;Home 
                &lt;input style="position:inherit;" name="add_type" type="radio" value="office"&gt;Office
                
                &lt;select name="sex" required=""&gt;
                  &lt;option value=""&gt;Choose Gender&lt;/option&gt;
                  &lt;option value="1"&gt;Male&lt;/option&gt;
                  &lt;option value="2"&gt;Female&lt;/option&gt;
                &lt;/select&gt;

                
&lt;select name="country" class="last countries " id="countryId"&gt;
    &lt;option value=""&gt;Select Country&lt;/option&gt;
&lt;option value="1"&gt;Afghanistan&lt;/option&gt;&lt;option value="2"&gt;Albania&lt;/option&gt;&lt;option value="3"&gt;Algeria&lt;/option&gt;&lt;option value="4"&gt;American Samoa&lt;/option&gt;&lt;option value="5"&gt;Andorra&lt;/option&gt;&lt;option value="6"&gt;Angola&lt;/option&gt;&lt;option value="7"&gt;Anguilla&lt;/option&gt;&lt;option value="8"&gt;Antarctica&lt;/option&gt;&lt;option value="9"&gt;Antigua And Barbuda&lt;/option&gt;&lt;option value="10"&gt;Argentina&lt;/option&gt;&lt;option value="11"&gt;Armenia&lt;/option&gt;&lt;option value="12"&gt;Aruba&lt;/option&gt;&lt;option value="13"&gt;Australia&lt;/option&gt;&lt;option value="14"&gt;Austria&lt;/option&gt;&lt;option value="15"&gt;Azerbaijan&lt;/option&gt;&lt;option value="16"&gt;Bahamas The&lt;/option&gt;&lt;option value="17"&gt;Bahrain&lt;/option&gt;&lt;option value="18"&gt;Bangladesh&lt;/option&gt;&lt;option value="19"&gt;Barbados&lt;/option&gt;&lt;option value="20"&gt;Belarus&lt;/option&gt;&lt;option value="21"&gt;Belgium&lt;/option&gt;&lt;option value="22"&gt;Belize&lt;/option&gt;&lt;option value="23"&gt;Benin&lt;/option&gt;&lt;option value="24"&gt;Bermuda&lt;/option&gt;&lt;option value="25"&gt;Bhutan&lt;/option&gt;&lt;option value="26"&gt;Bolivia&lt;/option&gt;&lt;option value="27"&gt;Bosnia and Herzegovina&lt;/option&gt;&lt;option value="28"&gt;Botswana&lt;/option&gt;&lt;option value="29"&gt;Bouvet Island&lt;/option&gt;&lt;option value="30"&gt;Brazil&lt;/option&gt;&lt;option value="31"&gt;British Indian Ocean Territory&lt;/option&gt;&lt;option value="32"&gt;Brunei&lt;/option&gt;&lt;option value="33"&gt;Bulgaria&lt;/option&gt;&lt;option value="34"&gt;Burkina Faso&lt;/option&gt;&lt;option value="35"&gt;Burundi&lt;/option&gt;&lt;option value="36"&gt;Cambodia&lt;/option&gt;&lt;option value="37"&gt;Cameroon&lt;/option&gt;&lt;option value="38"&gt;Canada&lt;/option&gt;&lt;option value="39"&gt;Cape Verde&lt;/option&gt;&lt;option value="40"&gt;Cayman Islands&lt;/option&gt;&lt;option value="41"&gt;Central African Republic&lt;/option&gt;&lt;option value="42"&gt;Chad&lt;/option&gt;&lt;option value="43"&gt;Chile&lt;/option&gt;&lt;option value="44"&gt;China&lt;/option&gt;&lt;option value="45"&gt;Christmas Island&lt;/option&gt;&lt;option value="46"&gt;Cocos (Keeling) Islands&lt;/option&gt;&lt;option value="47"&gt;Colombia&lt;/option&gt;&lt;option value="48"&gt;Comoros&lt;/option&gt;&lt;option value="49"&gt;Congo&lt;/option&gt;&lt;option value="50"&gt;Congo The Democratic Republic Of The&lt;/option&gt;&lt;option value="51"&gt;Cook Islands&lt;/option&gt;&lt;option value="52"&gt;Costa Rica&lt;/option&gt;&lt;option value="53"&gt;Cote D'Ivoire (Ivory Coast)&lt;/option&gt;&lt;option value="54"&gt;Croatia (Hrvatska)&lt;/option&gt;&lt;option value="55"&gt;Cuba&lt;/option&gt;&lt;option value="56"&gt;Cyprus&lt;/option&gt;&lt;option value="57"&gt;Czech Republic&lt;/option&gt;&lt;option value="58"&gt;Denmark&lt;/option&gt;&lt;option value="59"&gt;Djibouti&lt;/option&gt;&lt;option value="60"&gt;Dominica&lt;/option&gt;&lt;option value="61"&gt;Dominican Republic&lt;/option&gt;&lt;option value="62"&gt;East Timor&lt;/option&gt;&lt;option value="63"&gt;Ecuador&lt;/option&gt;&lt;option value="64"&gt;Egypt&lt;/option&gt;&lt;option value="65"&gt;El Salvador&lt;/option&gt;&lt;option value="66"&gt;Equatorial Guinea&lt;/option&gt;&lt;option value="67"&gt;Eritrea&lt;/option&gt;&lt;option value="68"&gt;Estonia&lt;/option&gt;&lt;option value="69"&gt;Ethiopia&lt;/option&gt;&lt;option value="70"&gt;External Territories of Australia&lt;/option&gt;&lt;option value="71"&gt;Falkland Islands&lt;/option&gt;&lt;option value="72"&gt;Faroe Islands&lt;/option&gt;&lt;option value="73"&gt;Fiji Islands&lt;/option&gt;&lt;option value="74"&gt;Finland&lt;/option&gt;&lt;option value="75"&gt;France&lt;/option&gt;&lt;option value="76"&gt;French Guiana&lt;/option&gt;&lt;option value="77"&gt;French Polynesia&lt;/option&gt;&lt;option value="78"&gt;French Southern Territories&lt;/option&gt;&lt;option value="79"&gt;Gabon&lt;/option&gt;&lt;option value="80"&gt;Gambia The&lt;/option&gt;&lt;option value="81"&gt;Georgia&lt;/option&gt;&lt;option value="82"&gt;Germany&lt;/option&gt;&lt;option value="83"&gt;Ghana&lt;/option&gt;&lt;option value="84"&gt;Gibraltar&lt;/option&gt;&lt;option value="85"&gt;Greece&lt;/option&gt;&lt;option value="86"&gt;Greenland&lt;/option&gt;&lt;option value="87"&gt;Grenada&lt;/option&gt;&lt;option value="88"&gt;Guadeloupe&lt;/option&gt;&lt;option value="89"&gt;Guam&lt;/option&gt;&lt;option value="90"&gt;Guatemala&lt;/option&gt;&lt;option value="91"&gt;Guernsey and Alderney&lt;/option&gt;&lt;option value="92"&gt;Guinea&lt;/option&gt;&lt;option value="93"&gt;Guinea-Bissau&lt;/option&gt;&lt;option value="94"&gt;Guyana&lt;/option&gt;&lt;option value="95"&gt;Haiti&lt;/option&gt;&lt;option value="96"&gt;Heard and McDonald Islands&lt;/option&gt;&lt;option value="97"&gt;Honduras&lt;/option&gt;&lt;option value="98"&gt;Hong Kong S.A.R.&lt;/option&gt;&lt;option value="99"&gt;Hungary&lt;/option&gt;&lt;option value="100"&gt;Iceland&lt;/option&gt;&lt;option value="101"&gt;India&lt;/option&gt;&lt;option value="102"&gt;Indonesia&lt;/option&gt;&lt;option value="103"&gt;Iran&lt;/option&gt;&lt;option value="104"&gt;Iraq&lt;/option&gt;&lt;option value="105"&gt;Ireland&lt;/option&gt;&lt;option value="106"&gt;Israel&lt;/option&gt;&lt;option value="107"&gt;Italy&lt;/option&gt;&lt;option value="108"&gt;Jamaica&lt;/option&gt;&lt;option value="109"&gt;Japan&lt;/option&gt;&lt;option value="110"&gt;Jersey&lt;/option&gt;&lt;option value="111"&gt;Jordan&lt;/option&gt;&lt;option value="112"&gt;Kazakhstan&lt;/option&gt;&lt;option value="113"&gt;Kenya&lt;/option&gt;&lt;option value="114"&gt;Kiribati&lt;/option&gt;&lt;option value="115"&gt;Korea North&lt;/option&gt;&lt;option value="116"&gt;Korea South&lt;/option&gt;&lt;option value="117"&gt;Kuwait&lt;/option&gt;&lt;option value="118"&gt;Kyrgyzstan&lt;/option&gt;&lt;option value="119"&gt;Laos&lt;/option&gt;&lt;option value="120"&gt;Latvia&lt;/option&gt;&lt;option value="121"&gt;Lebanon&lt;/option&gt;&lt;option value="122"&gt;Lesotho&lt;/option&gt;&lt;option value="123"&gt;Liberia&lt;/option&gt;&lt;option value="124"&gt;Libya&lt;/option&gt;&lt;option value="125"&gt;Liechtenstein&lt;/option&gt;&lt;option value="126"&gt;Lithuania&lt;/option&gt;&lt;option value="127"&gt;Luxembourg&lt;/option&gt;&lt;option value="128"&gt;Macau S.A.R.&lt;/option&gt;&lt;option value="129"&gt;Macedonia&lt;/option&gt;&lt;option value="130"&gt;Madagascar&lt;/option&gt;&lt;option value="131"&gt;Malawi&lt;/option&gt;&lt;option value="132"&gt;Malaysia&lt;/option&gt;&lt;option value="133"&gt;Maldives&lt;/option&gt;&lt;option value="134"&gt;Mali&lt;/option&gt;&lt;option value="135"&gt;Malta&lt;/option&gt;&lt;option value="136"&gt;Man (Isle of)&lt;/option&gt;&lt;option value="137"&gt;Marshall Islands&lt;/option&gt;&lt;option value="138"&gt;Martinique&lt;/option&gt;&lt;option value="139"&gt;Mauritania&lt;/option&gt;&lt;option value="140"&gt;Mauritius&lt;/option&gt;&lt;option value="141"&gt;Mayotte&lt;/option&gt;&lt;option value="142"&gt;Mexico&lt;/option&gt;&lt;option value="143"&gt;Micronesia&lt;/option&gt;&lt;option value="144"&gt;Moldova&lt;/option&gt;&lt;option value="145"&gt;Monaco&lt;/option&gt;&lt;option value="146"&gt;Mongolia&lt;/option&gt;&lt;option value="147"&gt;Montserrat&lt;/option&gt;&lt;option value="148"&gt;Morocco&lt;/option&gt;&lt;option value="149"&gt;Mozambique&lt;/option&gt;&lt;option value="150"&gt;Myanmar&lt;/option&gt;&lt;option value="151"&gt;Namibia&lt;/option&gt;&lt;option value="152"&gt;Nauru&lt;/option&gt;&lt;option value="153"&gt;Nepal&lt;/option&gt;&lt;option value="154"&gt;Netherlands Antilles&lt;/option&gt;&lt;option value="155"&gt;Netherlands The&lt;/option&gt;&lt;option value="156"&gt;New Caledonia&lt;/option&gt;&lt;option value="157"&gt;New Zealand&lt;/option&gt;&lt;option value="158"&gt;Nicaragua&lt;/option&gt;&lt;option value="159"&gt;Niger&lt;/option&gt;&lt;option value="160"&gt;Nigeria&lt;/option&gt;&lt;option value="161"&gt;Niue&lt;/option&gt;&lt;option value="162"&gt;Norfolk Island&lt;/option&gt;&lt;option value="163"&gt;Northern Mariana Islands&lt;/option&gt;&lt;option value="164"&gt;Norway&lt;/option&gt;&lt;option value="165"&gt;Oman&lt;/option&gt;&lt;option value="166"&gt;Pakistan&lt;/option&gt;&lt;option value="167"&gt;Palau&lt;/option&gt;&lt;option value="168"&gt;Palestinian Territory Occupied&lt;/option&gt;&lt;option value="169"&gt;Panama&lt;/option&gt;&lt;option value="170"&gt;Papua new Guinea&lt;/option&gt;&lt;option value="171"&gt;Paraguay&lt;/option&gt;&lt;option value="172"&gt;Peru&lt;/option&gt;&lt;option value="173"&gt;Philippines&lt;/option&gt;&lt;option value="174"&gt;Pitcairn Island&lt;/option&gt;&lt;option value="175"&gt;Poland&lt;/option&gt;&lt;option value="176"&gt;Portugal&lt;/option&gt;&lt;option value="177"&gt;Puerto Rico&lt;/option&gt;&lt;option value="178"&gt;Qatar&lt;/option&gt;&lt;option value="179"&gt;Reunion&lt;/option&gt;&lt;option value="180"&gt;Romania&lt;/option&gt;&lt;option value="181"&gt;Russia&lt;/option&gt;&lt;option value="182"&gt;Rwanda&lt;/option&gt;&lt;option value="183"&gt;Saint Helena&lt;/option&gt;&lt;option value="184"&gt;Saint Kitts And Nevis&lt;/option&gt;&lt;option value="185"&gt;Saint Lucia&lt;/option&gt;&lt;option value="186"&gt;Saint Pierre and Miquelon&lt;/option&gt;&lt;option value="187"&gt;Saint Vincent And The Grenadines&lt;/option&gt;&lt;option value="188"&gt;Samoa&lt;/option&gt;&lt;option value="189"&gt;San Marino&lt;/option&gt;&lt;option value="190"&gt;Sao Tome and Principe&lt;/option&gt;&lt;option value="191"&gt;Saudi Arabia&lt;/option&gt;&lt;option value="192"&gt;Senegal&lt;/option&gt;&lt;option value="193"&gt;Serbia&lt;/option&gt;&lt;option value="194"&gt;Seychelles&lt;/option&gt;&lt;option value="195"&gt;Sierra Leone&lt;/option&gt;&lt;option value="196"&gt;Singapore&lt;/option&gt;&lt;option value="197"&gt;Slovakia&lt;/option&gt;&lt;option value="198"&gt;Slovenia&lt;/option&gt;&lt;option value="199"&gt;Smaller Territories of the UK&lt;/option&gt;&lt;option value="200"&gt;Solomon Islands&lt;/option&gt;&lt;option value="201"&gt;Somalia&lt;/option&gt;&lt;option value="202"&gt;South Africa&lt;/option&gt;&lt;option value="203"&gt;South Georgia&lt;/option&gt;&lt;option value="204"&gt;South Sudan&lt;/option&gt;&lt;option value="205"&gt;Spain&lt;/option&gt;&lt;option value="206"&gt;Sri Lanka&lt;/option&gt;&lt;option value="207"&gt;Sudan&lt;/option&gt;&lt;option value="208"&gt;Suriname&lt;/option&gt;&lt;option value="209"&gt;Svalbard And Jan Mayen Islands&lt;/option&gt;&lt;option value="210"&gt;Swaziland&lt;/option&gt;&lt;option value="211"&gt;Sweden&lt;/option&gt;&lt;option value="212"&gt;Switzerland&lt;/option&gt;&lt;option value="213"&gt;Syria&lt;/option&gt;&lt;option value="214"&gt;Taiwan&lt;/option&gt;&lt;option value="215"&gt;Tajikistan&lt;/option&gt;&lt;option value="216"&gt;Tanzania&lt;/option&gt;&lt;option value="217"&gt;Thailand&lt;/option&gt;&lt;option value="218"&gt;Togo&lt;/option&gt;&lt;option value="219"&gt;Tokelau&lt;/option&gt;&lt;option value="220"&gt;Tonga&lt;/option&gt;&lt;option value="221"&gt;Trinidad And Tobago&lt;/option&gt;&lt;option value="222"&gt;Tunisia&lt;/option&gt;&lt;option value="223"&gt;Turkey&lt;/option&gt;&lt;option value="224"&gt;Turkmenistan&lt;/option&gt;&lt;option value="225"&gt;Turks And Caicos Islands&lt;/option&gt;&lt;option value="226"&gt;Tuvalu&lt;/option&gt;&lt;option value="227"&gt;Uganda&lt;/option&gt;&lt;option value="228"&gt;Ukraine&lt;/option&gt;&lt;option value="229"&gt;United Arab Emirates&lt;/option&gt;&lt;option value="230"&gt;United Kingdom&lt;/option&gt;&lt;option value="231"&gt;United States&lt;/option&gt;&lt;option value="232"&gt;United States Minor Outlying Islands&lt;/option&gt;&lt;option value="233"&gt;Uruguay&lt;/option&gt;&lt;option value="234"&gt;Uzbekistan&lt;/option&gt;&lt;option value="235"&gt;Vanuatu&lt;/option&gt;&lt;option value="236"&gt;Vatican City State (Holy See)&lt;/option&gt;&lt;option value="237"&gt;Venezuela&lt;/option&gt;&lt;option value="238"&gt;Vietnam&lt;/option&gt;&lt;option value="239"&gt;Virgin Islands (British)&lt;/option&gt;&lt;option value="240"&gt;Virgin Islands (US)&lt;/option&gt;&lt;option value="241"&gt;Wallis And Futuna Islands&lt;/option&gt;&lt;option value="242"&gt;Western Sahara&lt;/option&gt;&lt;option value="243"&gt;Yemen&lt;/option&gt;&lt;option value="244"&gt;Yugoslavia&lt;/option&gt;&lt;option value="245"&gt;Zambia&lt;/option&gt;&lt;option value="246"&gt;Zimbabwe&lt;/option&gt;&lt;/select&gt;
&lt;select name="state" class="states" id="stateId"&gt;
     &lt;option value=""&gt;Select State&lt;/option&gt;
&lt;/select&gt;
&lt;select name="city" class="last cities" id="cityId"&gt;
   &lt;option value=""&gt;Select City&lt;/option&gt;
&lt;/select&gt;

 &lt;span class="tabaddon"&gt;&lt;i class="fa fa-map fa-2x"&gt;&lt;/i&gt;&lt;/span&gt;
 &lt;input type="text" placeholder="Zip code" name="zip"&gt;     
                
                &lt;div class="btn"&gt;
                  &lt;input type="checkbox" name="terms" required=""&gt;
                  &lt;em&gt;I agree with terms and conditions &lt;a href="#" style=" color:#fff;font-size: 21px;" class="displayPopup"&gt;Read Detail&lt;/a&gt; &lt;/em&gt;
                  &lt;input type="submit" value="Sign up"&gt;
                &lt;/div&gt;
              &lt;/form&gt;
            &lt;/div&gt;
          &lt;/li&gt;
      	  &lt;li&gt;
            &lt;input type="radio" name="tabs blue" id="tab2"&gt;
            &lt;label for="tab2"&gt;Login&lt;/label&gt;
            &lt;div id="tab-content2" class="tab-content"&gt;
              &lt;form method="post" name="register" action=""&gt;
               &lt;input name="_hidCheckSubmit" type="hidden" value="2"&gt;
                &lt;span class="tabaddon"&gt;&lt;i class="fa fa-envelope fa-2x"&gt;&lt;/i&gt;&lt;/span&gt;
                &lt;input class="field" name="_txtUserName" required="" type="text" placeholder="Username" value=""&gt;
                &lt;span class="tabaddon"&gt;&lt;i class="fa fa-lock fa-2x"&gt;&lt;/i&gt;&lt;/span&gt;
                &lt;input class="field" name="_txtPassword" required="" type="password" placeholder="mypassword" value=""&gt;
                &lt;div class="btn"&gt;
                  &lt;input type="checkbox" name="terms"&gt;
                  &lt;em&gt;Keep me logged in &lt;/em&gt;
                  &lt;input type="submit" value="Login"&gt;
                &lt;/div&gt;
              &lt;/form&gt;
            &lt;/div&gt;
          &lt;/li&gt;
          	
          
          
          
          
        
	&lt;/ul&gt;
	&lt;/section&gt;
    
  &lt;div class="right"&gt;
    &lt;a href="https://www.facebook.com/groups/1319017341783803" target="_blank"&gt;
  &lt;img src="banner/5ff2a7e5774f5.png"&gt;
    &lt;/a&gt;&lt;a href="" target="_blank"&gt;
  &lt;img src="banner/5c33a332785bb.jpg"&gt;
    &lt;/a&gt;&lt;a href="https://api.whatsapp.com/send?phone=918743913121&amp;amp;text=Hello,%20i%20am%20interested%20to%20purchase%20video%20course" target="_blank"&gt;
  &lt;img src="banner/5e13707d13fe4.jpg"&gt;
    &lt;/a&gt;&lt;a href="https://www.google.com/search?client=firefox-b-ab&amp;amp;q=testing+world#lrd=0x390ce45bd130c3e3:0x2cbebc3a19808103,1,,," target="_blank"&gt;
  &lt;img src="banner/5c33a68c8a29f.jpg"&gt;
    &lt;/a&gt;
  &lt;/div&gt;
    
    
&lt;/div&gt;

  &lt;footer&gt;
	&lt;p&gt;Login &amp;amp; Sign Up &lt;/p&gt;

&lt;/footer&gt; 

&lt;style&gt;
select[disabled]{
  color:#aaa;
}
&lt;/style&gt;





 &lt;link rel="stylesheet" href="https://code.jquery.com/ui/1.12.1/themes/base/jquery-ui.css"&gt;
  &lt;script src="https://code.jquery.com/jquery-1.12.4.js"&gt;&lt;/script&gt;
  &lt;script src="https://code.jquery.com/ui/1.12.1/jquery-ui.js"&gt;&lt;/script&gt;
  &lt;script&gt;
  $( function() {
    $( "#datepicker" ).datepicker();
  } );
  &lt;/script&gt;
  
  
  &lt;script src="js/location.js"&gt;&lt;/script&gt;  
  
  
  &lt;script&gt;
  $(function() { //document ready
    $(".displayPopup").on("click", function() { //click event of the button
        $("#overlay").fadeTo(100, .3); //this will show the overlay awith a crossbrowser transparency
        $("#popup1").show(); // show popup1
        return false; //disable event propogation (avoid addition of "#" to url)
    })
 
    $(".popup .close").on("click", function() { //click event of the close button in popup
        $("#overlay").hide(); //hide overlay
        $(".popup").hide(); //hide popup
        return false; //disable event propogation (avoid addition of "#" to url)
    })
})
  &lt;/script&gt;
  




&lt;div id="ui-datepicker-div" class="ui-datepicker ui-widget ui-widget-content ui-helper-clearfix ui-corner-all"&gt;&lt;/div&gt;&lt;/body&gt;&lt;/html&gt;</msg>
<status status="PASS" starttime="20210624 15:08:37.355" endtime="20210624 15:08:37.357"/>
</kw>
<kw name="Get Element Attribute" library="SeleniumLibrary">
<var>${Attr}</var>
<arg>name:fld_username</arg>
<arg>class</arg>
<doc>Returns the value of ``attribute`` from the element ``locator``.</doc>
<msg timestamp="20210624 15:08:37.391" level="INFO">${Attr} = field</msg>
<status status="PASS" starttime="20210624 15:08:37.358" endtime="20210624 15:08:37.391"/>
</kw>
<kw name="Log" library="BuiltIn">
<arg>${Attr}</arg>
<doc>Logs the given message with the given level.</doc>
<msg timestamp="20210624 15:08:37.392" level="INFO">field</msg>
<status status="PASS" starttime="20210624 15:08:37.391" endtime="20210624 15:08:37.392"/>
</kw>
<kw name="Get Element Count" library="SeleniumLibrary">
<var>${count}</var>
<arg>class:field</arg>
<doc>Returns the number of elements matching ``locator``.</doc>
<msg timestamp="20210624 15:08:37.413" level="INFO">${count} = 6</msg>
<status status="PASS" starttime="20210624 15:08:37.392" endtime="20210624 15:08:37.413"/>
</kw>
<kw name="Log" library="BuiltIn">
<arg>${count}</arg>
<doc>Logs the given message with the given level.</doc>
<msg timestamp="20210624 15:08:37.414" level="INFO">6</msg>
<status status="PASS" starttime="20210624 15:08:37.414" endtime="20210624 15:08:37.414"/>
</kw>
<status status="PASS" starttime="20210624 15:08:28.704" endtime="20210624 15:08:37.415"/>
</test>
<status status="PASS" starttime="20210624 15:08:28.263" endtime="20210624 15:08:37.416"/>
</suite>
<statistics>
<total>
<stat pass="1" fail="0" skip="0">All Tests</stat>
</total>
<tag>
</tag>
<suite>
<stat pass="1" fail="0" skip="0" id="s1" name="Tc fetchdata3">Tc fetchdata3</stat>
</suite>
</statistics>
<errors>
</errors>
</robot>
