<?xml version="1.0" encoding="UTF-8"?>
<robot generator="Robot 4.0.3 (Python 3.9.6 on win32)" generated="20210902 11:46:51.902" rpa="false" schemaversion="2">
<suite id="s1" name="TC Get Reuest" source="C:\Users\46734\PycharmProjects\pythonProject1\RobatFramework\TC_Get_Reuest.robot">
<test id="s1-t1" name="TC_Fetch_Students_Details_By_ID">
<kw name="Create Session" library="RequestsLibrary">
<arg>FetchData</arg>
<arg>${URL}</arg>
<doc>Create Session: create a HTTP session to a server</doc>
<msg timestamp="20210902 11:46:52.423" level="INFO">Creating Session using : alias=FetchData, url=http://www.thetestingworldapi.com/, headers={},                     cookies={}, auth=None, timeout=None, proxies=None, verify=False,                     debug=0 </msg>
<status status="PASS" starttime="20210902 11:46:52.423" endtime="20210902 11:46:52.423"/>
</kw>
<kw name="Get Request" library="RequestsLibrary">
<var>${Response}</var>
<arg>FetchData</arg>
<arg>api/studentsDetails/${StudentID}</arg>
<doc>*DEPRECATED* Please use `GET On Session` instead.</doc>
<msg timestamp="20210902 11:46:52.423" level="WARN">Keyword 'RequestsLibrary.Get Request' is deprecated. Please use `GET On Session` instead.</msg>
<msg timestamp="20210902 11:46:53.261" level="INFO">GET Request : url=http://www.thetestingworldapi.com/api/studentsDetails/28 
 path_url=/api/studentsDetails/28 
 headers={'User-Agent': 'python-requests/2.26.0', 'Accept-Encoding': 'gzip, deflate', 'Accept': '*/*', 'Connection': 'keep-alive'} 
 body=None 
 </msg>
<msg timestamp="20210902 11:46:53.262" level="INFO">GET Response : url=http://www.thetestingworldapi.com/api/studentsDetails/28 
 status=200, reason=OK 
 headers={'Cache-Control': 'no-cache', 'Pragma': 'no-cache', 'Content-Type': 'application/json; charset=utf-8', 'Expires': '-1', 'Server': 'Microsoft-IIS/8.5', 'X-AspNet-Version': '4.0.30319', 'X-Powered-By': 'ASP.NET', 'X-Powered-By-Plesk': 'PleskWin', 'Date': 'Thu, 02 Sep 2021 09:46:54 GMT', 'Content-Length': '40'} 
 body={"status":"false","msg":"No data Found"} 
 </msg>
<msg timestamp="20210902 11:46:53.262" level="INFO">${Response} = &lt;Response [200]&gt;</msg>
<status status="PASS" starttime="20210902 11:46:52.423" endtime="20210902 11:46:53.263"/>
</kw>
<kw name="Convert To String" library="BuiltIn">
<var>${actual_code}</var>
<arg>${Response.status_code}</arg>
<doc>Converts the given item to a Unicode string.</doc>
<msg timestamp="20210902 11:46:53.265" level="INFO">${actual_code} = 200</msg>
<status status="PASS" starttime="20210902 11:46:53.263" endtime="20210902 11:46:53.265"/>
</kw>
<kw name="Should Be Equal" library="BuiltIn">
<arg>${actual_code}</arg>
<arg>200</arg>
<doc>Fails if the given objects are unequal.</doc>
<status status="PASS" starttime="20210902 11:46:53.266" endtime="20210902 11:46:53.266"/>
</kw>
<status status="PASS" starttime="20210902 11:46:52.422" endtime="20210902 11:46:53.266"/>
</test>
<status status="PASS" starttime="20210902 11:46:51.905" endtime="20210902 11:46:53.268"/>
</suite>
<statistics>
<total>
<stat pass="1" fail="0" skip="0">All Tests</stat>
</total>
<tag>
</tag>
<suite>
<stat pass="1" fail="0" skip="0" id="s1" name="TC Get Reuest">TC Get Reuest</stat>
</suite>
</statistics>
<errors>
<msg timestamp="20210902 11:46:52.423" level="WARN">Keyword 'RequestsLibrary.Get Request' is deprecated. Please use `GET On Session` instead.</msg>
</errors>
</robot>
